<?xml version="1.0" encoding="UTF-8"?>
<!-- Generated by org.testng.reporters.JUnitReportReporter -->
<testsuite hostname="DESKTOP-C47RPAV" failures="0" tests="3" name="reqres.tests.ResourceTest" time="0.661" errors="0" timestamp="2025-06-08T14:27:22 GET" skipped="0">
  <testcase classname="reqres.tests.ResourceTest" name="testGetResourceById" time="0.201"/>
  <testcase classname="reqres.tests.ResourceTest" name="testGetResourcesList" time="0.167"/>
  <testcase classname="reqres.tests.ResourceTest" name="testGetResourceNotFound" time="0.293"/>
</testsuite> <!-- reqres.tests.ResourceTest -->
