<?xml version="1.0" encoding="UTF-8"?>
<!-- Generated by org.testng.reporters.JUnitReportReporter -->
<testsuite hostname="DESKTOP-C47RPAV" failures="0" tests="4" name="reqres.tests.UserCrudTest" time="1.441" errors="0" timestamp="2025-06-08T14:27:22 GET" skipped="0">
  <testcase classname="reqres.tests.UserCrudTest" name="testUpdateUser" time="0.309"/>
  <testcase classname="reqres.tests.UserCrudTest" name="deleteUserById" time="0.310"/>
  <testcase classname="reqres.tests.UserCrudTest" name="testCreateUser" time="0.521"/>
  <testcase classname="reqres.tests.UserCrudTest" name="testPartialUpdateUser" time="0.301"/>
</testsuite> <!-- reqres.tests.UserCrudTest -->
