<?xml version="1.0" encoding="UTF-8"?>
<!-- Generated by org.testng.reporters.JUnitReportReporter -->
<testsuite hostname="DESKTOP-C47RPAV" failures="0" tests="2" name="reqres.tests.LoginTest" time="0.563" errors="0" timestamp="2025-06-08T14:27:22 GET" skipped="0">
  <testcase classname="reqres.tests.LoginTest" name="testLogin" time="0.265"/>
  <testcase classname="reqres.tests.LoginTest" name="testBadLogin" time="0.298"/>
</testsuite> <!-- reqres.tests.LoginTest -->
