<?xml version="1.0" encoding="UTF-8"?>
<!-- Generated by org.testng.reporters.JUnitReportReporter -->
<testsuite hostname="DESKTOP-C47RPAV" failures="0" tests="1" name="reqres.tests.DelayedTest" time="2.419" errors="0" timestamp="2025-06-08T14:27:22 GET" skipped="0">
  <testcase classname="reqres.tests.DelayedTest" name="testDelay" time="2.419"/>
</testsuite> <!-- reqres.tests.DelayedTest -->
