<?xml version="1.0" encoding="UTF-8"?>
<!-- Generated by org.testng.reporters.JUnitReportReporter -->
<testsuite hostname="DESKTOP-C47RPAV" failures="0" tests="3" name="reqres.tests.UserTest" time="1.933" errors="0" timestamp="2025-06-08T14:27:22 GET" skipped="0">
  <testcase classname="reqres.tests.UserTest" name="testGetUserById" time="1.356"/>
  <testcase classname="reqres.tests.UserTest" name="testListUsersPage" time="0.229"/>
  <testcase classname="reqres.tests.UserTest" name="testUserNotFound" time="0.348"/>
</testsuite> <!-- reqres.tests.UserTest -->
