<?xml version="1.0" encoding="UTF-8"?>
<!-- Generated by org.testng.reporters.JUnitReportReporter -->
<testsuite hostname="DESKTOP-C47RPAV" failures="0" tests="2" name="reqres.tests.RegisterTest" time="0.558" errors="0" timestamp="2025-06-08T14:27:22 GET" skipped="0">
  <testcase classname="reqres.tests.RegisterTest" name="testRegisterAccountSuccessfully" time="0.290"/>
  <testcase classname="reqres.tests.RegisterTest" name="testRegisterAccountWithoutPassword" time="0.268"/>
</testsuite> <!-- reqres.tests.RegisterTest -->
