<?xml version="1.0" encoding="UTF-8"?>
<!-- Generated by org.testng.reporters.JUnitReportReporter -->
<testsuite hostname="DESKTOP-C47RPAV" failures="0" tests="2" name="tests.HoverTest" time="0.169" errors="0" timestamp="2025-05-29T22:29:52 GET" skipped="0">
  <testcase classname="tests.HoverTest" name="verifyHeaderText" time="0.012"/>
  <testcase classname="tests.HoverTest" name="verifyHoverWorks" time="0.157"/>
</testsuite> <!-- tests.HoverTest -->
