<?xml version="1.0" encoding="UTF-8"?>
<!-- Generated by org.testng.reporters.JUnitReportReporter -->
<testsuite hostname="DESKTOP-C47RPAV" failures="0" tests="2" name="tests.AdsTest" time="4.952" errors="0" timestamp="2025-05-29T22:29:52 GET" skipped="0">
  <testcase classname="tests.AdsTest" name="verifyHeaderText" time="0.034"/>
  <testcase classname="tests.AdsTest" name="verifyAd" time="4.918"/>
</testsuite> <!-- tests.AdsTest -->
