<?xml version="1.0" encoding="UTF-8"?>
<!-- Generated by org.testng.reporters.JUnitReportReporter -->
<testsuite hostname="DESKTOP-C47RPAV" failures="0" tests="3" name="tests.ModalsTest" time="1.416" errors="0" timestamp="2025-05-29T22:29:52 GET" skipped="0">
  <testcase classname="tests.ModalsTest" name="verifyHeaderText" time="0.017"/>
  <testcase classname="tests.ModalsTest" name="verifySimpleModal" time="0.656"/>
  <testcase classname="tests.ModalsTest" name="verifyFormModal" time="0.743"/>
</testsuite> <!-- tests.ModalsTest -->
