<?xml version="1.0" encoding="UTF-8"?>
<!-- Generated by org.testng.reporters.JUnitReportReporter -->
<testsuite hostname="DESKTOP-C47RPAV" failures="0" tests="4" name="tests.PopupsTest" time="0.370" errors="0" timestamp="2025-05-20T22:36:10 GET" skipped="0">
  <testcase classname="tests.PopupsTest" name="verifyHeaderText" time="0.024"/>
  <testcase classname="tests.PopupsTest" name="testAlertPopup" time="0.081"/>
  <testcase classname="tests.PopupsTest" name="testConfirmPopup" time="0.124"/>
  <testcase classname="tests.PopupsTest" name="testPromptPopup" time="0.141"/>
</testsuite> <!-- tests.PopupsTest -->
