<?xml version="1.0" encoding="UTF-8"?>
<!-- Generated by org.testng.reporters.JUnitReportReporter -->
<testsuite hostname="DESKTOP-C47RPAV" failures="0" tests="2" name="tests.DelaysTest" time="10.190" errors="0" timestamp="2025-05-29T22:29:52 GET" skipped="0">
  <testcase classname="tests.DelaysTest" name="verifyHeaderText" time="0.025"/>
  <testcase classname="tests.DelaysTest" name="testDelaysPage" time="10.165"/>
</testsuite> <!-- tests.DelaysTest -->
