<?xml version="1.0" encoding="UTF-8"?>
<!-- Generated by org.testng.reporters.JUnitReportReporter -->
<testsuite hostname="DESKTOP-C47RPAV" failures="0" tests="3" name="tests.FormFieldsTest" time="0.683" errors="0" timestamp="2025-05-29T22:29:52 GET" skipped="0">
  <testcase classname="tests.FormFieldsTest" name="verifyHeaderText" time="0.018"/>
  <testcase classname="tests.FormFieldsTest" name="fillFields" time="0.654"/>
  <testcase classname="tests.FormFieldsTest" name="acceptAlert" time="0.011"/>
</testsuite> <!-- tests.FormFieldsTest -->
