<?xml version="1.0" encoding="UTF-8"?>
<!-- Generated by org.testng.reporters.JUnitReportReporter -->
<testsuite hostname="DESKTOP-C47RPAV" failures="0" tests="4" name="tests.PopupsTest" time="0.342" errors="0" timestamp="2025-05-29T22:29:52 GET" skipped="0">
  <testcase classname="tests.PopupsTest" name="verifyHeaderText" time="0.017"/>
  <testcase classname="tests.PopupsTest" name="testAlertPopup" time="0.048"/>
  <testcase classname="tests.PopupsTest" name="testConfirmPopup" time="0.148"/>
  <testcase classname="tests.PopupsTest" name="testPromptPopup" time="0.129"/>
</testsuite> <!-- tests.PopupsTest -->
