<?xml version="1.0" encoding="UTF-8"?>
<!-- Generated by org.testng.reporters.JUnitReportReporter -->
<testsuite hostname="DESKTOP-C47RPAV" failures="0" tests="4" name="tests.WindowOperationsTest" time="2.455" errors="0" timestamp="2025-05-29T22:29:52 GET" skipped="0">
  <testcase classname="tests.WindowOperationsTest" name="verifyHeaderText" time="0.012"/>
  <testcase classname="tests.WindowOperationsTest" name="verifyNewTabOpensAndCloses" time="1.329"/>
  <testcase classname="tests.WindowOperationsTest" name="verifyWindowIsReplaced" time="0.521"/>
  <testcase classname="tests.WindowOperationsTest" name="verifyNewWindowOpensAndCloses" time="0.593"/>
</testsuite> <!-- tests.WindowOperationsTest -->
