<?xml version="1.0" encoding="UTF-8"?>
<!-- Generated by org.testng.reporters.JUnitReportReporter -->
<testsuite hostname="DESKTOP-C47RPAV" failures="0" tests="2" name="tests.CalendarsTest" time="0.038" errors="0" timestamp="2025-05-29T22:29:52 GET" skipped="0">
  <testcase classname="tests.CalendarsTest" name="verifyHeaderText" time="0.011"/>
  <testcase classname="tests.CalendarsTest" name="verifyDateSelection" time="0.027"/>
</testsuite> <!-- tests.CalendarsTest -->
