<?xml version="1.0" encoding="UTF-8"?>
<!-- Generated by org.testng.reporters.JUnitReportReporter -->
<testsuite hostname="DESKTOP-C47RPAV" failures="0" tests="2" name="tests.GesturesTest" time="0.674" errors="0" timestamp="2025-05-29T22:29:52 GET" skipped="0">
  <testcase classname="tests.GesturesTest" name="verifyHeaderText" time="0.012"/>
  <testcase classname="tests.GesturesTest" name="performGesturesActions" time="0.662"/>
</testsuite> <!-- tests.GesturesTest -->
